2026-06-18 23:24:32,857 [INFO] [master] Master service started (v3.1 Discovery)
2026-06-18 23:24:34,210 [INFO] Database initialized successfully
2026-06-18 23:24:34,239 [INFO] Background loop started.
2026-06-18 23:24:49,533 [ERROR] Error in background_loop: name 'time' is not defined
Traceback (most recent call last):
  File "C:\SNMP-Server\server\main.py", line 323, in background_loop
    'timestamp': time.time()
                 ^^^^
NameError: name 'time' is not defined. Did you forget to import 'time'?
2026-06-18 23:25:04,971 [ERROR] Error in background_loop: name 'time' is not defined
Traceback (most recent call last):
  File "C:\SNMP-Server\server\main.py", line 323, in background_loop
    'timestamp': time.time()
                 ^^^^
NameError: name 'time' is not defined. Did you forget to import 'time'?
2026-06-18 23:25:20,326 [ERROR] Error in background_loop: name 'time' is not defined
Traceback (most recent call last):
  File "C:\SNMP-Server\server\main.py", line 323, in background_loop
    'timestamp': time.time()
                 ^^^^
NameError: name 'time' is not defined. Did you forget to import 'time'?
2026-06-18 23:25:35,856 [ERROR] Error in background_loop: name 'time' is not defined
Traceback (most recent call last):
  File "C:\SNMP-Server\server\main.py", line 323, in background_loop
    'timestamp': time.time()
                 ^^^^
NameError: name 'time' is not defined. Did you forget to import 'time'?
2026-06-18 23:25:51,230 [ERROR] Error in background_loop: name 'time' is not defined
Traceback (most recent call last):
  File "C:\SNMP-Server\server\main.py", line 323, in background_loop
    'timestamp': time.time()
                 ^^^^
NameError: name 'time' is not defined. Did you forget to import 'time'?
2026-06-18 23:26:06,976 [ERROR] Error in background_loop: name 'time' is not defined
Traceback (most recent call last):
  File "C:\SNMP-Server\server\main.py", line 323, in background_loop
    'timestamp': time.time()
                 ^^^^
NameError: name 'time' is not defined. Did you forget to import 'time'?
